[2024-02-20 15:11:25,944][conftest.py 12][DEBUG]: ---------------开始--------------
[2024-02-20 15:11:25,945][test01_single_login.py 20][INFO]: ------开始执行用例-------
[2024-02-20 15:11:27,127][test01_single_login.py 28][INFO]: {'feature': '用户登录', 'title': '正确的账号密码登录', 'request': {'method': 'post', 'url': '/api/v1/auth/signin', 'headers': None, 'json': {'email': '1442685214@qq.com', 'password': '00b3502ae0de06ed8684357c46ff72be'}}, 'validate': {'code': 200, 'message': 'Success'}}
[2024-02-20 15:11:27,127][test01_single_login.py 29][INFO]: -----结束用例-----
[2024-02-20 15:11:27,131][test01_single_login.py 20][INFO]: ------开始执行用例-------
[2024-02-20 15:11:28,344][test01_single_login.py 28][INFO]: {'feature': '用户登录', 'title': '账号为空，密码正确，登录失败', 'request': {'method': 'post', 'url': '/api/v1/auth/signin', 'headers': None, 'json': {'email': '2685214@qq.com', 'password': '00b3502ae0de06ed8684357c46ff72be'}}, 'validate': {'code': 1151, 'message': 'Signin email error'}}
[2024-02-20 15:11:28,344][test01_single_login.py 29][INFO]: -----结束用例-----
[2024-02-20 15:11:28,348][test01_single_login.py 20][INFO]: ------开始执行用例-------
[2024-02-20 15:11:29,511][test01_single_login.py 28][INFO]: {'feature': '用户登录', 'title': '账号正确，密码为空，登录失败', 'request': {'method': 'post', 'url': '/api/v1/auth/signin', 'headers': None, 'json': {'email': '1442685214@qq.com', 'password': 'bbdd8846efe154822f6ca9ffc10bcda2'}}, 'validate': {'code': 1152, 'message': 'Signin password error'}}
[2024-02-20 15:11:29,511][test01_single_login.py 29][INFO]: -----结束用例-----
[2024-02-20 15:11:29,513][conftest.py 15][DEBUG]: ------------结束-----------
[2024-02-20 15:50:05,687][conftest.py 12][DEBUG]: ---------------开始--------------
[2024-02-20 15:50:05,687][test01_single_login.py 20][INFO]: ------开始执行用例-------
[2024-02-20 15:50:06,895][test01_single_login.py 28][INFO]: {'feature': '用户登录', 'title': '正确的账号密码登录', 'request': {'method': 'post', 'url': '/api/v1/auth/signin', 'headers': None, 'json': {'email': '1442685214@qq.com', 'password': '00b3502ae0de06ed8684357c46ff72be'}}, 'validate': {'code': 200, 'message': 'Success'}}
[2024-02-20 15:50:06,895][test01_single_login.py 29][INFO]: 期望结果：Success，实际结果：Success
[2024-02-20 15:50:06,895][test01_single_login.py 30][INFO]: -----结束用例-----
[2024-02-20 15:50:06,900][test01_single_login.py 20][INFO]: ------开始执行用例-------
[2024-02-20 15:50:09,305][test01_single_login.py 28][INFO]: {'feature': '用户登录', 'title': '账号为空，密码正确，登录失败', 'request': {'method': 'post', 'url': '/api/v1/auth/signin', 'headers': None, 'json': {'email': '2685214@qq.com', 'password': '00b3502ae0de06ed8684357c46ff72be'}}, 'validate': {'code': 1151, 'message': 'Signin email error'}}
[2024-02-20 15:50:09,306][test01_single_login.py 29][INFO]: 期望结果：Signin email error，实际结果：Signin email error
[2024-02-20 15:50:09,306][test01_single_login.py 30][INFO]: -----结束用例-----
[2024-02-20 15:50:09,310][test01_single_login.py 20][INFO]: ------开始执行用例-------
[2024-02-20 15:50:10,382][test01_single_login.py 28][INFO]: {'feature': '用户登录', 'title': '账号正确，密码为空，登录失败', 'request': {'method': 'post', 'url': '/api/v1/auth/signin', 'headers': None, 'json': {'email': '1442685214@qq.com', 'password': 'bbdd8846efe154822f6ca9ffc10bcda2'}}, 'validate': {'code': 1152, 'message': 'Signin password error'}}
[2024-02-20 15:50:10,382][test01_single_login.py 29][INFO]: 期望结果：Signin password error，实际结果：Signin password error
[2024-02-20 15:50:10,382][test01_single_login.py 30][INFO]: -----结束用例-----
[2024-02-20 15:50:10,384][conftest.py 15][DEBUG]: ------------结束-----------
[2024-02-20 15:51:08,653][conftest.py 12][DEBUG]: ---------------开始--------------
[2024-02-20 15:51:08,653][test01_single_login.py 20][INFO]: ------开始执行用例-------
[2024-02-20 15:51:09,850][test01_single_login.py 28][INFO]: {'feature': '用户登录', 'title': '正确的账号密码登录', 'request': {'method': 'post', 'url': '/api/v1/auth/signin', 'headers': None, 'json': {'email': '1442685214@qq.com', 'password': '00b3502ae0de06ed8684357c46ff72be'}}, 'validate': {'code': 200, 'message': 'Success'}}
[2024-02-20 15:51:09,851][test01_single_login.py 29][INFO]: 期望结果：【Success】，实际结果：【Success】
[2024-02-20 15:51:09,851][test01_single_login.py 30][INFO]: -----结束用例-----
[2024-02-20 15:51:09,855][test01_single_login.py 20][INFO]: ------开始执行用例-------
[2024-02-20 15:51:11,070][test01_single_login.py 28][INFO]: {'feature': '用户登录', 'title': '账号为空，密码正确，登录失败', 'request': {'method': 'post', 'url': '/api/v1/auth/signin', 'headers': None, 'json': {'email': '2685214@qq.com', 'password': '00b3502ae0de06ed8684357c46ff72be'}}, 'validate': {'code': 1151, 'message': 'Signin email error'}}
[2024-02-20 15:51:11,070][test01_single_login.py 29][INFO]: 期望结果：【Signin email error】，实际结果：【Signin email error】
[2024-02-20 15:51:11,071][test01_single_login.py 30][INFO]: -----结束用例-----
[2024-02-20 15:51:11,075][test01_single_login.py 20][INFO]: ------开始执行用例-------
[2024-02-20 15:51:14,282][test01_single_login.py 28][INFO]: {'feature': '用户登录', 'title': '账号正确，密码为空，登录失败', 'request': {'method': 'post', 'url': '/api/v1/auth/signin', 'headers': None, 'json': {'email': '1442685214@qq.com', 'password': 'bbdd8846efe154822f6ca9ffc10bcda2'}}, 'validate': {'code': 1152, 'message': 'Signin password error'}}
[2024-02-20 15:51:14,282][test01_single_login.py 29][INFO]: 期望结果：【Signin password error】，实际结果：【Signin password error】
[2024-02-20 15:51:14,282][test01_single_login.py 30][INFO]: -----结束用例-----
[2024-02-20 15:51:14,284][conftest.py 15][DEBUG]: ------------结束-----------
[2024-02-20 16:59:21,319][conftest.py 12][DEBUG]: ---------------测试开始--------------
[2024-02-20 16:59:21,338][conftest.py 15][DEBUG]: ------------结束测试-----------
[2024-02-20 17:01:45,176][conftest.py 12][DEBUG]: ---------------测试开始--------------
[2024-02-20 17:01:48,716][conftest.py 15][DEBUG]: ------------结束测试-----------
[2024-02-20 17:04:09,227][conftest.py 12][DEBUG]: ---------------测试开始--------------
[2024-02-20 17:04:10,671][conftest.py 15][DEBUG]: ------------结束测试-----------
[2024-02-20 17:04:54,367][conftest.py 12][DEBUG]: ---------------测试开始--------------
[2024-02-20 17:04:58,377][conftest.py 15][DEBUG]: ------------结束测试-----------
[2024-02-20 17:05:47,796][conftest.py 12][DEBUG]: ---------------测试开始--------------
[2024-02-20 17:05:51,778][conftest.py 15][DEBUG]: ------------结束测试-----------
[2024-02-20 17:11:04,767][conftest.py 12][DEBUG]: ---------------测试开始--------------
[2024-02-20 17:11:07,341][conftest.py 15][DEBUG]: ------------结束测试-----------
[2024-02-20 17:12:09,221][conftest.py 12][DEBUG]: ---------------测试开始--------------
[2024-02-20 17:12:12,568][conftest.py 15][DEBUG]: ------------结束测试-----------
[2024-02-20 17:13:05,569][conftest.py 12][DEBUG]: ---------------测试开始--------------
[2024-02-20 17:13:08,595][conftest.py 15][DEBUG]: ------------结束测试-----------
[2024-02-20 17:14:47,582][conftest.py 12][DEBUG]: ---------------测试开始--------------
[2024-02-20 17:14:51,725][conftest.py 15][DEBUG]: ------------结束测试-----------
[2024-02-20 17:15:03,996][conftest.py 12][DEBUG]: ---------------测试开始--------------
[2024-02-20 17:15:07,471][conftest.py 15][DEBUG]: ------------结束测试-----------
[2024-02-20 17:18:04,588][conftest.py 12][DEBUG]: ---------------测试开始--------------
[2024-02-20 17:18:08,127][conftest.py 15][DEBUG]: ------------结束测试-----------
